-------------------------------------------------------------------------------
Test set: edu.berkeley.cs186.database.query.TestJoinOperator
-------------------------------------------------------------------------------
Tests run: 9, Failures: 0, Errors: 8, Skipped: 0, Time elapsed: 3.765 s <<< FAILURE! - in edu.berkeley.cs186.database.query.TestJoinOperator
testSimpleJoin(edu.berkeley.cs186.database.query.TestJoinOperator)  Time elapsed: 0.22 s  <<< ERROR!
java.lang.UnsupportedOperationException: TODO(hw3): implement
	at edu.berkeley.cs186.database.table.Table$RIDBlockIterator.<init>(Table.java:591)
	at edu.berkeley.cs186.database.table.Table$TableIterator.<init>(Table.java:689)
	at edu.berkeley.cs186.database.table.Table.newTableIterator(Table.java:700)
	at edu.berkeley.cs186.database.table.Table.ridIterator(Table.java:463)
	at edu.berkeley.cs186.database.table.Table.iterator(Table.java:467)
	at edu.berkeley.cs186.database.Database$Transaction.getRecordIterator(Database.java:466)
	at edu.berkeley.cs186.database.query.JoinOperator.getRecordIterator(JoinOperator.java:194)
	at edu.berkeley.cs186.database.query.SNLJOperator$SNLJIterator.<init>(SNLJOperator.java:66)
	at edu.berkeley.cs186.database.query.SNLJOperator.iterator(SNLJOperator.java:41)
	at edu.berkeley.cs186.database.query.TestJoinOperator.testSimpleJoin(TestJoinOperator.java:84)
	at sun.reflect.NativeMethodAccessorImpl.invoke0(Native Method)
	at sun.reflect.NativeMethodAccessorImpl.invoke(NativeMethodAccessorImpl.java:62)
	at sun.reflect.DelegatingMethodAccessorImpl.invoke(DelegatingMethodAccessorImpl.java:43)
	at java.lang.reflect.Method.invoke(Method.java:498)
	at org.junit.runners.model.FrameworkMethod$1.runReflectiveCall(FrameworkMethod.java:50)
	at org.junit.internal.runners.model.ReflectiveCallable.run(ReflectiveCallable.java:12)
	at org.junit.runners.model.FrameworkMethod.invokeExplosively(FrameworkMethod.java:47)
	at org.junit.internal.runners.statements.InvokeMethod.evaluate(InvokeMethod.java:17)
	at org.junit.internal.runners.statements.FailOnTimeout$CallableStatement.call(FailOnTimeout.java:298)
	at org.junit.internal.runners.statements.FailOnTimeout$CallableStatement.call(FailOnTimeout.java:292)
	at java.util.concurrent.FutureTask.run(FutureTask.java:266)
	at java.lang.Thread.run(Thread.java:748)

testSimpleJoinBNLJ(edu.berkeley.cs186.database.query.TestJoinOperator)  Time elapsed: 0.173 s  <<< ERROR!
java.lang.UnsupportedOperationException: TODO(hw3): implement
	at edu.berkeley.cs186.database.query.BNLJOperator$BNLJIterator.<init>(BNLJOperator.java:78)
	at edu.berkeley.cs186.database.query.BNLJOperator.iterator(BNLJOperator.java:30)
	at edu.berkeley.cs186.database.query.TestJoinOperator.testSimpleJoinBNLJ(TestJoinOperator.java:162)
	at sun.reflect.NativeMethodAccessorImpl.invoke0(Native Method)
	at sun.reflect.NativeMethodAccessorImpl.invoke(NativeMethodAccessorImpl.java:62)
	at sun.reflect.DelegatingMethodAccessorImpl.invoke(DelegatingMethodAccessorImpl.java:43)
	at java.lang.reflect.Method.invoke(Method.java:498)
	at org.junit.runners.model.FrameworkMethod$1.runReflectiveCall(FrameworkMethod.java:50)
	at org.junit.internal.runners.model.ReflectiveCallable.run(ReflectiveCallable.java:12)
	at org.junit.runners.model.FrameworkMethod.invokeExplosively(FrameworkMethod.java:47)
	at org.junit.internal.runners.statements.InvokeMethod.evaluate(InvokeMethod.java:17)
	at org.junit.internal.runners.statements.FailOnTimeout$CallableStatement.call(FailOnTimeout.java:298)
	at org.junit.internal.runners.statements.FailOnTimeout$CallableStatement.call(FailOnTimeout.java:292)
	at java.util.concurrent.FutureTask.run(FutureTask.java:266)
	at java.lang.Thread.run(Thread.java:748)

testSimpleJoinPNLJ(edu.berkeley.cs186.database.query.TestJoinOperator)  Time elapsed: 0.168 s  <<< ERROR!
java.lang.UnsupportedOperationException: TODO(hw3): implement
	at edu.berkeley.cs186.database.query.PNLJOperator$PNLJIterator.<init>(PNLJOperator.java:68)
	at edu.berkeley.cs186.database.query.PNLJOperator.iterator(PNLJOperator.java:31)
	at edu.berkeley.cs186.database.query.TestJoinOperator.testSimpleJoinPNLJ(TestJoinOperator.java:131)
	at sun.reflect.NativeMethodAccessorImpl.invoke0(Native Method)
	at sun.reflect.NativeMethodAccessorImpl.invoke(NativeMethodAccessorImpl.java:62)
	at sun.reflect.DelegatingMethodAccessorImpl.invoke(DelegatingMethodAccessorImpl.java:43)
	at java.lang.reflect.Method.invoke(Method.java:498)
	at org.junit.runners.model.FrameworkMethod$1.runReflectiveCall(FrameworkMethod.java:50)
	at org.junit.internal.runners.model.ReflectiveCallable.run(ReflectiveCallable.java:12)
	at org.junit.runners.model.FrameworkMethod.invokeExplosively(FrameworkMethod.java:47)
	at org.junit.internal.runners.statements.InvokeMethod.evaluate(InvokeMethod.java:17)
	at org.junit.internal.runners.statements.FailOnTimeout$CallableStatement.call(FailOnTimeout.java:298)
	at org.junit.internal.runners.statements.FailOnTimeout$CallableStatement.call(FailOnTimeout.java:292)
	at java.util.concurrent.FutureTask.run(FutureTask.java:266)
	at java.lang.Thread.run(Thread.java:748)

testSortMergeJoinUnsortedInputs(edu.berkeley.cs186.database.query.TestJoinOperator)  Time elapsed: 0.99 s  <<< ERROR!
java.lang.UnsupportedOperationException: TODO(hw3): implement
	at edu.berkeley.cs186.database.query.SortMergeOperator$SortMergeIterator.<init>(SortMergeOperator.java:62)
	at edu.berkeley.cs186.database.query.SortMergeOperator.iterator(SortMergeOperator.java:25)
	at edu.berkeley.cs186.database.query.TestJoinOperator.testSortMergeJoinUnsortedInputs(TestJoinOperator.java:363)
	at sun.reflect.NativeMethodAccessorImpl.invoke0(Native Method)
	at sun.reflect.NativeMethodAccessorImpl.invoke(NativeMethodAccessorImpl.java:62)
	at sun.reflect.DelegatingMethodAccessorImpl.invoke(DelegatingMethodAccessorImpl.java:43)
	at java.lang.reflect.Method.invoke(Method.java:498)
	at org.junit.runners.model.FrameworkMethod$1.runReflectiveCall(FrameworkMethod.java:50)
	at org.junit.internal.runners.model.ReflectiveCallable.run(ReflectiveCallable.java:12)
	at org.junit.runners.model.FrameworkMethod.invokeExplosively(FrameworkMethod.java:47)
	at org.junit.internal.runners.statements.InvokeMethod.evaluate(InvokeMethod.java:17)
	at org.junit.internal.runners.statements.FailOnTimeout$CallableStatement.call(FailOnTimeout.java:298)
	at org.junit.internal.runners.statements.FailOnTimeout$CallableStatement.call(FailOnTimeout.java:292)
	at java.util.concurrent.FutureTask.run(FutureTask.java:266)
	at java.lang.Thread.run(Thread.java:748)

testEmptyJoin(edu.berkeley.cs186.database.query.TestJoinOperator)  Time elapsed: 0.09 s  <<< ERROR!
java.lang.UnsupportedOperationException: TODO(hw3): implement
	at edu.berkeley.cs186.database.table.Table$RIDBlockIterator.<init>(Table.java:591)
	at edu.berkeley.cs186.database.table.Table$TableIterator.<init>(Table.java:689)
	at edu.berkeley.cs186.database.table.Table.newTableIterator(Table.java:700)
	at edu.berkeley.cs186.database.table.Table.ridIterator(Table.java:463)
	at edu.berkeley.cs186.database.table.Table.iterator(Table.java:467)
	at edu.berkeley.cs186.database.Database$Transaction.getRecordIterator(Database.java:466)
	at edu.berkeley.cs186.database.query.JoinOperator.getRecordIterator(JoinOperator.java:194)
	at edu.berkeley.cs186.database.query.SNLJOperator$SNLJIterator.<init>(SNLJOperator.java:66)
	at edu.berkeley.cs186.database.query.SNLJOperator.iterator(SNLJOperator.java:41)
	at edu.berkeley.cs186.database.query.TestJoinOperator.testEmptyJoin(TestJoinOperator.java:117)
	at sun.reflect.NativeMethodAccessorImpl.invoke0(Native Method)
	at sun.reflect.NativeMethodAccessorImpl.invoke(NativeMethodAccessorImpl.java:62)
	at sun.reflect.DelegatingMethodAccessorImpl.invoke(DelegatingMethodAccessorImpl.java:43)
	at java.lang.reflect.Method.invoke(Method.java:498)
	at org.junit.runners.model.FrameworkMethod$1.runReflectiveCall(FrameworkMethod.java:50)
	at org.junit.internal.runners.model.ReflectiveCallable.run(ReflectiveCallable.java:12)
	at org.junit.runners.model.FrameworkMethod.invokeExplosively(FrameworkMethod.java:47)
	at org.junit.internal.runners.statements.InvokeMethod.evaluate(InvokeMethod.java:17)
	at org.junit.internal.runners.statements.FailOnTimeout$CallableStatement.call(FailOnTimeout.java:298)
	at org.junit.internal.runners.statements.FailOnTimeout$CallableStatement.call(FailOnTimeout.java:292)
	at java.util.concurrent.FutureTask.run(FutureTask.java:266)
	at java.lang.Thread.run(Thread.java:748)

testSimpleSortMergeJoin(edu.berkeley.cs186.database.query.TestJoinOperator)  Time elapsed: 0.15 s  <<< ERROR!
java.lang.UnsupportedOperationException: TODO(hw3): implement
	at edu.berkeley.cs186.database.query.SortMergeOperator$SortMergeIterator.<init>(SortMergeOperator.java:62)
	at edu.berkeley.cs186.database.query.SortMergeOperator.iterator(SortMergeOperator.java:25)
	at edu.berkeley.cs186.database.query.TestJoinOperator.testSimpleSortMergeJoin(TestJoinOperator.java:272)
	at sun.reflect.NativeMethodAccessorImpl.invoke0(Native Method)
	at sun.reflect.NativeMethodAccessorImpl.invoke(NativeMethodAccessorImpl.java:62)
	at sun.reflect.DelegatingMethodAccessorImpl.invoke(DelegatingMethodAccessorImpl.java:43)
	at java.lang.reflect.Method.invoke(Method.java:498)
	at org.junit.runners.model.FrameworkMethod$1.runReflectiveCall(FrameworkMethod.java:50)
	at org.junit.internal.runners.model.ReflectiveCallable.run(ReflectiveCallable.java:12)
	at org.junit.runners.model.FrameworkMethod.invokeExplosively(FrameworkMethod.java:47)
	at org.junit.internal.runners.statements.InvokeMethod.evaluate(InvokeMethod.java:17)
	at org.junit.internal.runners.statements.FailOnTimeout$CallableStatement.call(FailOnTimeout.java:298)
	at org.junit.internal.runners.statements.FailOnTimeout$CallableStatement.call(FailOnTimeout.java:292)
	at java.util.concurrent.FutureTask.run(FutureTask.java:266)
	at java.lang.Thread.run(Thread.java:748)

testBNLJDiffOutPutThanPNLJ(edu.berkeley.cs186.database.query.TestJoinOperator)  Time elapsed: 0.972 s  <<< ERROR!
java.lang.UnsupportedOperationException: TODO(hw3): implement
	at edu.berkeley.cs186.database.query.BNLJOperator$BNLJIterator.<init>(BNLJOperator.java:78)
	at edu.berkeley.cs186.database.query.BNLJOperator.iterator(BNLJOperator.java:30)
	at edu.berkeley.cs186.database.query.TestJoinOperator.testBNLJDiffOutPutThanPNLJ(TestJoinOperator.java:442)
	at sun.reflect.NativeMethodAccessorImpl.invoke0(Native Method)
	at sun.reflect.NativeMethodAccessorImpl.invoke(NativeMethodAccessorImpl.java:62)
	at sun.reflect.DelegatingMethodAccessorImpl.invoke(DelegatingMethodAccessorImpl.java:43)
	at java.lang.reflect.Method.invoke(Method.java:498)
	at org.junit.runners.model.FrameworkMethod$1.runReflectiveCall(FrameworkMethod.java:50)
	at org.junit.internal.runners.model.ReflectiveCallable.run(ReflectiveCallable.java:12)
	at org.junit.runners.model.FrameworkMethod.invokeExplosively(FrameworkMethod.java:47)
	at org.junit.internal.runners.statements.InvokeMethod.evaluate(InvokeMethod.java:17)
	at org.junit.internal.runners.statements.FailOnTimeout$CallableStatement.call(FailOnTimeout.java:298)
	at org.junit.internal.runners.statements.FailOnTimeout$CallableStatement.call(FailOnTimeout.java:292)
	at java.util.concurrent.FutureTask.run(FutureTask.java:266)
	at java.lang.Thread.run(Thread.java:748)

testSimplePNLJOutputOrder(edu.berkeley.cs186.database.query.TestJoinOperator)  Time elapsed: 0.983 s  <<< ERROR!
java.lang.UnsupportedOperationException: TODO(hw3): implement
	at edu.berkeley.cs186.database.query.PNLJOperator$PNLJIterator.<init>(PNLJOperator.java:68)
	at edu.berkeley.cs186.database.query.PNLJOperator.iterator(PNLJOperator.java:31)
	at edu.berkeley.cs186.database.query.TestJoinOperator.testSimplePNLJOutputOrder(TestJoinOperator.java:237)
	at sun.reflect.NativeMethodAccessorImpl.invoke0(Native Method)
	at sun.reflect.NativeMethodAccessorImpl.invoke(NativeMethodAccessorImpl.java:62)
	at sun.reflect.DelegatingMethodAccessorImpl.invoke(DelegatingMethodAccessorImpl.java:43)
	at java.lang.reflect.Method.invoke(Method.java:498)
	at org.junit.runners.model.FrameworkMethod$1.runReflectiveCall(FrameworkMethod.java:50)
	at org.junit.internal.runners.model.ReflectiveCallable.run(ReflectiveCallable.java:12)
	at org.junit.runners.model.FrameworkMethod.invokeExplosively(FrameworkMethod.java:47)
	at org.junit.internal.runners.statements.InvokeMethod.evaluate(InvokeMethod.java:17)
	at org.junit.internal.runners.statements.FailOnTimeout$CallableStatement.call(FailOnTimeout.java:298)
	at org.junit.internal.runners.statements.FailOnTimeout$CallableStatement.call(FailOnTimeout.java:292)
	at java.util.concurrent.FutureTask.run(FutureTask.java:266)
	at java.lang.Thread.run(Thread.java:748)

