<?xml version="1.0" encoding="UTF-8"?>
<testsuite xmlns:xsi="http://www.w3.org/2001/XMLSchema-instance" xsi:noNamespaceSchemaLocation="https://maven.apache.org/surefire/maven-surefire-plugin/xsd/surefire-test-report.xsd" name="edu.berkeley.cs186.database.query.TestJoinOperator" time="3.765" tests="9" errors="8" skipped="0" failures="0">
  <properties>
[...]
</properties>
  <testcase name="testSimpleJoin" classname="edu.berkeley.cs186.database.query.TestJoinOperator" time="0.22">
    <error message="TODO(hw3): implement" type="java.lang.UnsupportedOperationException"><![CDATA[java.lang.UnsupportedOperationException: TODO(hw3): implement
	at edu.berkeley.cs186.database.table.Table$RIDBlockIterator.<init>(Table.java:591)
	at edu.berkeley.cs186.database.table.Table$TableIterator.<init>(Table.java:689)
	at edu.berkeley.cs186.database.table.Table.newTableIterator(Table.java:700)
	at edu.berkeley.cs186.database.table.Table.ridIterator(Table.java:463)
	at edu.berkeley.cs186.database.table.Table.iterator(Table.java:467)
	at edu.berkeley.cs186.database.Database$Transaction.getRecordIterator(Database.java:466)
	at edu.berkeley.cs186.database.query.JoinOperator.getRecordIterator(JoinOperator.java:194)
	at edu.berkeley.cs186.database.query.SNLJOperator$SNLJIterator.<init>(SNLJOperator.java:66)
	at edu.berkeley.cs186.database.query.SNLJOperator.iterator(SNLJOperator.java:41)
	at edu.berkeley.cs186.database.query.TestJoinOperator.testSimpleJoin(TestJoinOperator.java:84)
	at sun.reflect.NativeMethodAccessorImpl.invoke0(Native Method)
	at sun.reflect.NativeMethodAccessorImpl.invoke(NativeMethodAccessorImpl.java:62)
	at sun.reflect.DelegatingMethodAccessorImpl.invoke(DelegatingMethodAccessorImpl.java:43)
	at java.lang.reflect.Method.invoke(Method.java:498)
	at org.junit.runners.model.FrameworkMethod$1.runReflectiveCall(FrameworkMethod.java:50)
	at org.junit.internal.runners.model.ReflectiveCallable.run(ReflectiveCallable.java:12)
	at org.junit.runners.model.FrameworkMethod.invokeExplosively(FrameworkMethod.java:47)
	at org.junit.internal.runners.statements.InvokeMethod.evaluate(InvokeMethod.java:17)
	at org.junit.internal.runners.statements.FailOnTimeout$CallableStatement.call(FailOnTimeout.java:298)
	at org.junit.internal.runners.statements.FailOnTimeout$CallableStatement.call(FailOnTimeout.java:292)
	at java.util.concurrent.FutureTask.run(FutureTask.java:266)
	at java.lang.Thread.run(Thread.java:748)
]]></error>
  </testcase>
  <testcase name="testSimpleJoinBNLJ" classname="edu.berkeley.cs186.database.query.TestJoinOperator" time="0.173">
    <error message="TODO(hw3): implement" type="java.lang.UnsupportedOperationException"><![CDATA[java.lang.UnsupportedOperationException: TODO(hw3): implement
	at edu.berkeley.cs186.database.query.BNLJOperator$BNLJIterator.<init>(BNLJOperator.java:78)
	at edu.berkeley.cs186.database.query.BNLJOperator.iterator(BNLJOperator.java:30)
	at edu.berkeley.cs186.database.query.TestJoinOperator.testSimpleJoinBNLJ(TestJoinOperator.java:162)
	at sun.reflect.NativeMethodAccessorImpl.invoke0(Native Method)
	at sun.reflect.NativeMethodAccessorImpl.invoke(NativeMethodAccessorImpl.java:62)
	at sun.reflect.DelegatingMethodAccessorImpl.invoke(DelegatingMethodAccessorImpl.java:43)
	at java.lang.reflect.Method.invoke(Method.java:498)
	at org.junit.runners.model.FrameworkMethod$1.runReflectiveCall(FrameworkMethod.java:50)
	at org.junit.internal.runners.model.ReflectiveCallable.run(ReflectiveCallable.java:12)
	at org.junit.runners.model.FrameworkMethod.invokeExplosively(FrameworkMethod.java:47)
	at org.junit.internal.runners.statements.InvokeMethod.evaluate(InvokeMethod.java:17)
	at org.junit.internal.runners.statements.FailOnTimeout$CallableStatement.call(FailOnTimeout.java:298)
	at org.junit.internal.runners.statements.FailOnTimeout$CallableStatement.call(FailOnTimeout.java:292)
	at java.util.concurrent.FutureTask.run(FutureTask.java:266)
	at java.lang.Thread.run(Thread.java:748)
]]></error>
  </testcase>
  <testcase name="testSimpleJoinPNLJ" classname="edu.berkeley.cs186.database.query.TestJoinOperator" time="0.168">
    <error message="TODO(hw3): implement" type="java.lang.UnsupportedOperationException"><![CDATA[java.lang.UnsupportedOperationException: TODO(hw3): implement
	at edu.berkeley.cs186.database.query.PNLJOperator$PNLJIterator.<init>(PNLJOperator.java:68)
	at edu.berkeley.cs186.database.query.PNLJOperator.iterator(PNLJOperator.java:31)
	at edu.berkeley.cs186.database.query.TestJoinOperator.testSimpleJoinPNLJ(TestJoinOperator.java:131)
	at sun.reflect.NativeMethodAccessorImpl.invoke0(Native Method)
	at sun.reflect.NativeMethodAccessorImpl.invoke(NativeMethodAccessorImpl.java:62)
	at sun.reflect.DelegatingMethodAccessorImpl.invoke(DelegatingMethodAccessorImpl.java:43)
	at java.lang.reflect.Method.invoke(Method.java:498)
	at org.junit.runners.model.FrameworkMethod$1.runReflectiveCall(FrameworkMethod.java:50)
	at org.junit.internal.runners.model.ReflectiveCallable.run(ReflectiveCallable.java:12)
	at org.junit.runners.model.FrameworkMethod.invokeExplosively(FrameworkMethod.java:47)
	at org.junit.internal.runners.statements.InvokeMethod.evaluate(InvokeMethod.java:17)
	at org.junit.internal.runners.statements.FailOnTimeout$CallableStatement.call(FailOnTimeout.java:298)
	at org.junit.internal.runners.statements.FailOnTimeout$CallableStatement.call(FailOnTimeout.java:292)
	at java.util.concurrent.FutureTask.run(FutureTask.java:266)
	at java.lang.Thread.run(Thread.java:748)
]]></error>
  </testcase>
  <testcase name="testSortMergeJoinUnsortedInputs" classname="edu.berkeley.cs186.database.query.TestJoinOperator" time="0.99">
    <error message="TODO(hw3): implement" type="java.lang.UnsupportedOperationException"><![CDATA[java.lang.UnsupportedOperationException: TODO(hw3): implement
	at edu.berkeley.cs186.database.query.SortMergeOperator$SortMergeIterator.<init>(SortMergeOperator.java:62)
	at edu.berkeley.cs186.database.query.SortMergeOperator.iterator(SortMergeOperator.java:25)
	at edu.berkeley.cs186.database.query.TestJoinOperator.testSortMergeJoinUnsortedInputs(TestJoinOperator.java:363)
	at sun.reflect.NativeMethodAccessorImpl.invoke0(Native Method)
	at sun.reflect.NativeMethodAccessorImpl.invoke(NativeMethodAccessorImpl.java:62)
	at sun.reflect.DelegatingMethodAccessorImpl.invoke(DelegatingMethodAccessorImpl.java:43)
	at java.lang.reflect.Method.invoke(Method.java:498)
	at org.junit.runners.model.FrameworkMethod$1.runReflectiveCall(FrameworkMethod.java:50)
	at org.junit.internal.runners.model.ReflectiveCallable.run(ReflectiveCallable.java:12)
	at org.junit.runners.model.FrameworkMethod.invokeExplosively(FrameworkMethod.java:47)
	at org.junit.internal.runners.statements.InvokeMethod.evaluate(InvokeMethod.java:17)
	at org.junit.internal.runners.statements.FailOnTimeout$CallableStatement.call(FailOnTimeout.java:298)
	at org.junit.internal.runners.statements.FailOnTimeout$CallableStatement.call(FailOnTimeout.java:292)
	at java.util.concurrent.FutureTask.run(FutureTask.java:266)
	at java.lang.Thread.run(Thread.java:748)
]]></error>
  </testcase>
  <testcase name="testEmptyJoin" classname="edu.berkeley.cs186.database.query.TestJoinOperator" time="0.09">
    <error message="TODO(hw3): implement" type="java.lang.UnsupportedOperationException"><![CDATA[java.lang.UnsupportedOperationException: TODO(hw3): implement
	at edu.berkeley.cs186.database.table.Table$RIDBlockIterator.<init>(Table.java:591)
	at edu.berkeley.cs186.database.table.Table$TableIterator.<init>(Table.java:689)
	at edu.berkeley.cs186.database.table.Table.newTableIterator(Table.java:700)
	at edu.berkeley.cs186.database.table.Table.ridIterator(Table.java:463)
	at edu.berkeley.cs186.database.table.Table.iterator(Table.java:467)
	at edu.berkeley.cs186.database.Database$Transaction.getRecordIterator(Database.java:466)
	at edu.berkeley.cs186.database.query.JoinOperator.getRecordIterator(JoinOperator.java:194)
	at edu.berkeley.cs186.database.query.SNLJOperator$SNLJIterator.<init>(SNLJOperator.java:66)
	at edu.berkeley.cs186.database.query.SNLJOperator.iterator(SNLJOperator.java:41)
	at edu.berkeley.cs186.database.query.TestJoinOperator.testEmptyJoin(TestJoinOperator.java:117)
	at sun.reflect.NativeMethodAccessorImpl.invoke0(Native Method)
	at sun.reflect.NativeMethodAccessorImpl.invoke(NativeMethodAccessorImpl.java:62)
	at sun.reflect.DelegatingMethodAccessorImpl.invoke(DelegatingMethodAccessorImpl.java:43)
	at java.lang.reflect.Method.invoke(Method.java:498)
	at org.junit.runners.model.FrameworkMethod$1.runReflectiveCall(FrameworkMethod.java:50)
	at org.junit.internal.runners.model.ReflectiveCallable.run(ReflectiveCallable.java:12)
	at org.junit.runners.model.FrameworkMethod.invokeExplosively(FrameworkMethod.java:47)
	at org.junit.internal.runners.statements.InvokeMethod.evaluate(InvokeMethod.java:17)
	at org.junit.internal.runners.statements.FailOnTimeout$CallableStatement.call(FailOnTimeout.java:298)
	at org.junit.internal.runners.statements.FailOnTimeout$CallableStatement.call(FailOnTimeout.java:292)
	at java.util.concurrent.FutureTask.run(FutureTask.java:266)
	at java.lang.Thread.run(Thread.java:748)
]]></error>
  </testcase>
  <testcase name="testSimpleSortMergeJoin" classname="edu.berkeley.cs186.database.query.TestJoinOperator" time="0.15">
    <error message="TODO(hw3): implement" type="java.lang.UnsupportedOperationException"><![CDATA[java.lang.UnsupportedOperationException: TODO(hw3): implement
	at edu.berkeley.cs186.database.query.SortMergeOperator$SortMergeIterator.<init>(SortMergeOperator.java:62)
	at edu.berkeley.cs186.database.query.SortMergeOperator.iterator(SortMergeOperator.java:25)
	at edu.berkeley.cs186.database.query.TestJoinOperator.testSimpleSortMergeJoin(TestJoinOperator.java:272)
	at sun.reflect.NativeMethodAccessorImpl.invoke0(Native Method)
	at sun.reflect.NativeMethodAccessorImpl.invoke(NativeMethodAccessorImpl.java:62)
	at sun.reflect.DelegatingMethodAccessorImpl.invoke(DelegatingMethodAccessorImpl.java:43)
	at java.lang.reflect.Method.invoke(Method.java:498)
	at org.junit.runners.model.FrameworkMethod$1.runReflectiveCall(FrameworkMethod.java:50)
	at org.junit.internal.runners.model.ReflectiveCallable.run(ReflectiveCallable.java:12)
	at org.junit.runners.model.FrameworkMethod.invokeExplosively(FrameworkMethod.java:47)
	at org.junit.internal.runners.statements.InvokeMethod.evaluate(InvokeMethod.java:17)
	at org.junit.internal.runners.statements.FailOnTimeout$CallableStatement.call(FailOnTimeout.java:298)
	at org.junit.internal.runners.statements.FailOnTimeout$CallableStatement.call(FailOnTimeout.java:292)
	at java.util.concurrent.FutureTask.run(FutureTask.java:266)
	at java.lang.Thread.run(Thread.java:748)
]]></error>
  </testcase>
  <testcase name="testOperatorSchema" classname="edu.berkeley.cs186.database.query.TestJoinOperator" time="0.015"/>
  <testcase name="testBNLJDiffOutPutThanPNLJ" classname="edu.berkeley.cs186.database.query.TestJoinOperator" time="0.972">
    <error message="TODO(hw3): implement" type="java.lang.UnsupportedOperationException"><![CDATA[java.lang.UnsupportedOperationException: TODO(hw3): implement
	at edu.berkeley.cs186.database.query.BNLJOperator$BNLJIterator.<init>(BNLJOperator.java:78)
	at edu.berkeley.cs186.database.query.BNLJOperator.iterator(BNLJOperator.java:30)
	at edu.berkeley.cs186.database.query.TestJoinOperator.testBNLJDiffOutPutThanPNLJ(TestJoinOperator.java:442)
	at sun.reflect.NativeMethodAccessorImpl.invoke0(Native Method)
	at sun.reflect.NativeMethodAccessorImpl.invoke(NativeMethodAccessorImpl.java:62)
	at sun.reflect.DelegatingMethodAccessorImpl.invoke(DelegatingMethodAccessorImpl.java:43)
	at java.lang.reflect.Method.invoke(Method.java:498)
	at org.junit.runners.model.FrameworkMethod$1.runReflectiveCall(FrameworkMethod.java:50)
	at org.junit.internal.runners.model.ReflectiveCallable.run(ReflectiveCallable.java:12)
	at org.junit.runners.model.FrameworkMethod.invokeExplosively(FrameworkMethod.java:47)
	at org.junit.internal.runners.statements.InvokeMethod.evaluate(InvokeMethod.java:17)
	at org.junit.internal.runners.statements.FailOnTimeout$CallableStatement.call(FailOnTimeout.java:298)
	at org.junit.internal.runners.statements.FailOnTimeout$CallableStatement.call(FailOnTimeout.java:292)
	at java.util.concurrent.FutureTask.run(FutureTask.java:266)
	at java.lang.Thread.run(Thread.java:748)
]]></error>
  </testcase>
  <testcase name="testSimplePNLJOutputOrder" classname="edu.berkeley.cs186.database.query.TestJoinOperator" time="0.983">
    <error message="TODO(hw3): implement" type="java.lang.UnsupportedOperationException"><![CDATA[java.lang.UnsupportedOperationException: TODO(hw3): implement
	at edu.berkeley.cs186.database.query.PNLJOperator$PNLJIterator.<init>(PNLJOperator.java:68)
	at edu.berkeley.cs186.database.query.PNLJOperator.iterator(PNLJOperator.java:31)
	at edu.berkeley.cs186.database.query.TestJoinOperator.testSimplePNLJOutputOrder(TestJoinOperator.java:237)
	at sun.reflect.NativeMethodAccessorImpl.invoke0(Native Method)
	at sun.reflect.NativeMethodAccessorImpl.invoke(NativeMethodAccessorImpl.java:62)
	at sun.reflect.DelegatingMethodAccessorImpl.invoke(DelegatingMethodAccessorImpl.java:43)
	at java.lang.reflect.Method.invoke(Method.java:498)
	at org.junit.runners.model.FrameworkMethod$1.runReflectiveCall(FrameworkMethod.java:50)
	at org.junit.internal.runners.model.ReflectiveCallable.run(ReflectiveCallable.java:12)
	at org.junit.runners.model.FrameworkMethod.invokeExplosively(FrameworkMethod.java:47)
	at org.junit.internal.runners.statements.InvokeMethod.evaluate(InvokeMethod.java:17)
	at org.junit.internal.runners.statements.FailOnTimeout$CallableStatement.call(FailOnTimeout.java:298)
	at org.junit.internal.runners.statements.FailOnTimeout$CallableStatement.call(FailOnTimeout.java:292)
	at java.util.concurrent.FutureTask.run(FutureTask.java:266)
	at java.lang.Thread.run(Thread.java:748)
]]></error>
  </testcase>
</testsuite>